<?xml version="1.0" encoding="UTF-8"?><testsuites failures="1" name="dependency-check" tests="75"><testsuite failures="0" errors="0" time="0" id="0" name="d:\Projects]\23267747_SAD_Project\lib\dependency-check\lib\aho-corasick-double-array-trie-1.2.3.jar" package="aho-corasick-double-array-trie-1.2.3.jar" skipped="0" tests="1" timestamp="2025-04-20T20:35:41.8735085"><testcase classname="dependency-check" name="aho-corasick-double-array-trie-1.2.3.jar"/></testsuite><testsuite failures="0" errors="0" time="0" id="1" name="d:\Projects]\23267747_SAD_Project\lib\dependency-check\lib\android-json-0.0.20131108.vaadin1.jar" package="android-json-0.0.20131108.vaadin1.jar" skipped="0" tests="1" timestamp="2025-04-20T20:35:41.8735085"><testcase classname="dependency-check" name="android-json-0.0.20131108.vaadin1.jar"/></testsuite><testsuite failures="0" errors="0" time="0" id="2" name="d:\Projects]\23267747_SAD_Project\lib\dependency-check\lib\annotations-26.0.2.jar" package="annotations-26.0.2.jar" skipped="0" tests="1" timestamp="2025-04-20T20:35:41.8735085"><testcase classname="dependency-check" name="annotations-26.0.2.jar"/></testsuite><testsuite failures="0" errors="0" time="0" id="3" name="d:\Projects]\23267747_SAD_Project\lib\dependency-check\lib\bcpg-jdk18on-1.78.jar" package="bcpg-jdk18on-1.78.jar" skipped="0" tests="1" timestamp="2025-04-20T20:35:41.8735085"><testcase classname="dependency-check" name="bcpg-jdk18on-1.78.jar"/></testsuite><testsuite failures="0" errors="0" time="0" id="4" name="d:\Projects]\23267747_SAD_Project\lib\dependency-check\lib\bcprov-jdk18on-1.78.jar" package="bcprov-jdk18on-1.78.jar" skipped="0" tests="1" timestamp="2025-04-20T20:35:41.8735085"><testcase classname="dependency-check" name="bcprov-jdk18on-1.78.jar"/></testsuite><testsuite failures="0" errors="0" time="0" id="5" name="d:\Projects]\23267747_SAD_Project\lib\dependency-check\lib\checker-qual-3.43.0.jar" package="checker-qual-3.43.0.jar" skipped="0" tests="1" timestamp="2025-04-20T20:35:41.8735085"><testcase classname="dependency-check" name="checker-qual-3.43.0.jar"/></testsuite><testsuite failures="0" errors="0" time="0" id="6" name="d:\Projects]\23267747_SAD_Project\lib\dependency-check\lib\commons-beanutils-1.9.4.jar" package="commons-beanutils-1.9.4.jar" skipped="0" tests="1" timestamp="2025-04-20T20:35:41.8735085"><testcase classname="dependency-check" name="commons-beanutils-1.9.4.jar"/></testsuite><testsuite failures="0" errors="0" time="0" id="7" name="d:\Projects]\23267747_SAD_Project\lib\dependency-check\lib\commons-codec-1.18.0.jar" package="commons-codec-1.18.0.jar" skipped="0" tests="1" timestamp="2025-04-20T20:35:41.8735085"><testcase classname="dependency-check" name="commons-codec-1.18.0.jar"/></testsuite><testsuite failures="0" errors="0" time="0" id="8" name="d:\Projects]\23267747_SAD_Project\lib\dependency-check\lib\commons-collections-3.2.2.jar" package="commons-collections-3.2.2.jar" skipped="0" tests="1" timestamp="2025-04-20T20:35:41.8735085"><testcase classname="dependency-check" name="commons-collections-3.2.2.jar"/></testsuite><testsuite failures="0" errors="0" time="0" id="9" name="d:\Projects]\23267747_SAD_Project\lib\dependency-check\lib\commons-collections4-4.4.jar" package="commons-collections4-4.4.jar" skipped="0" tests="1" timestamp="2025-04-20T20:35:41.8735085"><testcase classname="dependency-check" name="commons-collections4-4.4.jar"/></testsuite><testsuite failures="0" errors="0" time="0" id="10" name="d:\Projects]\23267747_SAD_Project\lib\dependency-check\lib\commons-compress-1.27.1.jar" package="commons-compress-1.27.1.jar" skipped="0" tests="1" timestamp="2025-04-20T20:35:41.8735085"><testcase classname="dependency-check" name="commons-compress-1.27.1.jar"/></testsuite><testsuite failures="0" errors="0" time="0" id="11" name="d:\Projects]\23267747_SAD_Project\lib\dependency-check\lib\commons-dbcp2-2.13.0.jar" package="commons-dbcp2-2.13.0.jar" skipped="0" tests="1" timestamp="2025-04-20T20:35:41.8735085"><testcase classname="dependency-check" name="commons-dbcp2-2.13.0.jar"/></testsuite><testsuite failures="0" errors="0" time="0" id="12" name="d:\Projects]\23267747_SAD_Project\lib\dependency-check\lib\commons-digester-2.1.jar" package="commons-digester-2.1.jar" skipped="0" tests="1" timestamp="2025-04-20T20:35:41.8735085"><testcase classname="dependency-check" name="commons-digester-2.1.jar"/></testsuite><testsuite failures="0" errors="0" time="0" id="13" name="d:\Projects]\23267747_SAD_Project\lib\dependency-check\lib\commons-io-2.18.0.jar" package="commons-io-2.18.0.jar" skipped="0" tests="1" timestamp="2025-04-20T20:35:41.8735085"><testcase classname="dependency-check" name="commons-io-2.18.0.jar"/></testsuite><testsuite failures="0" errors="0" time="0" id="14" name="d:\Projects]\23267747_SAD_Project\lib\dependency-check\lib\commons-jcs3-core-3.2.1.jar" package="commons-jcs3-core-3.2.1.jar" skipped="0" tests="1" timestamp="2025-04-20T20:35:41.8735085"><testcase classname="dependency-check" name="commons-jcs3-core-3.2.1.jar"/></testsuite><testsuite failures="0" errors="0" time="0" id="15" name="d:\Projects]\23267747_SAD_Project\lib\dependency-check\lib\commons-lang3-3.17.0.jar" package="commons-lang3-3.17.0.jar" skipped="0" tests="1" timestamp="2025-04-20T20:35:41.8735085"><testcase classname="dependency-check" name="commons-lang3-3.17.0.jar"/></testsuite><testsuite failures="0" errors="0" time="0" id="16" name="d:\Projects]\23267747_SAD_Project\lib\dependency-check\lib\commons-logging-1.3.4.jar" package="commons-logging-1.3.4.jar" skipped="0" tests="1" timestamp="2025-04-20T20:35:41.8735085"><testcase classname="dependency-check" name="commons-logging-1.3.4.jar"/></testsuite><testsuite failures="0" errors="0" time="0" id="17" name="d:\Projects]\23267747_SAD_Project\lib\dependency-check\lib\commons-pool2-2.12.0.jar" package="commons-pool2-2.12.0.jar" skipped="0" tests="1" timestamp="2025-04-20T20:35:41.8735085"><testcase classname="dependency-check" name="commons-pool2-2.12.0.jar"/></testsuite><testsuite failures="0" errors="0" time="0" id="18" name="d:\Projects]\23267747_SAD_Project\lib\dependency-check\lib\commons-text-1.13.0.jar" package="commons-text-1.13.0.jar" skipped="0" tests="1" timestamp="2025-04-20T20:35:41.8735085"><testcase classname="dependency-check" name="commons-text-1.13.0.jar"/></testsuite><testsuite failures="0" errors="0" time="0" id="19" name="d:\Projects]\23267747_SAD_Project\lib\commons-validator-1.7.jar" package="commons-validator-1.7.jar" skipped="0" tests="1" timestamp="2025-04-20T20:35:41.8735085"><testcase classname="dependency-check" name="commons-validator-1.7.jar"/></testsuite><testsuite failures="0" errors="0" time="0" id="20" name="d:\Projects]\23267747_SAD_Project\lib\dependency-check\lib\commons-validator-1.9.0.jar" package="commons-validator-1.9.0.jar" skipped="0" tests="1" timestamp="2025-04-20T20:35:41.8735085"><testcase classname="dependency-check" name="commons-validator-1.9.0.jar"/></testsuite><testsuite failures="0" errors="0" time="0" id="21" name="d:\Projects]\23267747_SAD_Project\lib\dependency-check\lib\compiler-0.9.6.jar" package="compiler-0.9.6.jar" skipped="0" tests="1" timestamp="2025-04-20T20:35:41.8735085"><testcase classname="dependency-check" name="compiler-0.9.6.jar"/></testsuite><testsuite failures="0" errors="0" time="0" id="22" name="d:\Projects]\23267747_SAD_Project\lib\dependency-check\lib\cpe-parser-2.1.0.jar" package="cpe-parser-2.1.0.jar" skipped="0" tests="1" timestamp="2025-04-20T20:35:41.8735085"><testcase classname="dependency-check" name="cpe-parser-2.1.0.jar"/></testsuite><testsuite failures="0" errors="0" time="0" id="23" name="d:\Projects]\23267747_SAD_Project\lib\dependency-check-core-12.1.0.jar" package="dependency-check-core-12.1.0.jar" skipped="0" tests="1" timestamp="2025-04-20T20:35:41.8735085"><testcase classname="dependency-check" name="dependency-check-core-12.1.0.jar"/></testsuite><testsuite failures="0" errors="0" time="0" id="24" name="d:\Projects]\23267747_SAD_Project\lib\dependency-check\lib\dependency-check-utils-12.1.0.jar" package="dependency-check-utils-12.1.0.jar" skipped="0" tests="1" timestamp="2025-04-20T20:35:41.8735085"><testcase classname="dependency-check" name="dependency-check-utils-12.1.0.jar"/></testsuite><testsuite failures="0" errors="0" time="0" id="25" name="d:\Projects]\23267747_SAD_Project\lib\dependency-check\lib\error_prone_annotations-2.36.0.jar" package="error_prone_annotations-2.36.0.jar" skipped="0" tests="1" timestamp="2025-04-20T20:35:41.8735085"><testcase classname="dependency-check" name="error_prone_annotations-2.36.0.jar"/></testsuite><testsuite failures="0" errors="0" time="0" id="26" name="d:\Projects]\23267747_SAD_Project\lib\dependency-check\lib\failureaccess-1.0.2.jar" package="failureaccess-1.0.2.jar" skipped="0" tests="1" timestamp="2025-04-20T20:35:41.8735085"><testcase classname="dependency-check" name="failureaccess-1.0.2.jar"/></testsuite><testsuite failures="0" errors="0" time="0" id="27" name="d:\Projects]\23267747_SAD_Project\lib\dependency-check\lib\gson-2.9.0.jar" package="gson-2.9.0.jar" skipped="0" tests="1" timestamp="2025-04-20T20:35:41.8735085"><testcase classname="dependency-check" name="gson-2.9.0.jar"/></testsuite><testsuite failures="0" errors="0" time="0" id="28" name="d:\Projects]\23267747_SAD_Project\lib\dependency-check\lib\guava-33.4.0-jre.jar" package="guava-33.4.0-jre.jar" skipped="0" tests="1" timestamp="2025-04-20T20:35:41.8735085"><testcase classname="dependency-check" name="guava-33.4.0-jre.jar"/></testsuite><testsuite failures="0" errors="0" time="0" id="29" name="d:\Projects]\23267747_SAD_Project\lib\dependency-check\lib\h2-2.3.232.jar\org\h2\util\data.zip\org\h2\server\web\res\table.js" package="h2-2.3.232.jar: data.zip: table.js" skipped="0" tests="1" timestamp="2025-04-20T20:35:41.8735085"><testcase classname="dependency-check" name="h2-2.3.232.jar: data.zip: table.js"/></testsuite><testsuite failures="0" errors="0" time="0" id="30" name="d:\Projects]\23267747_SAD_Project\lib\dependency-check\lib\h2-2.3.232.jar\org\h2\util\data.zip\org\h2\server\web\res\tree.js" package="h2-2.3.232.jar: data.zip: tree.js" skipped="0" tests="1" timestamp="2025-04-20T20:35:41.8735085"><testcase classname="dependency-check" name="h2-2.3.232.jar: data.zip: tree.js"/></testsuite><testsuite failures="1" errors="0" time="0" id="31" name="d:\Projects]\23267747_SAD_Project\lib\dependency-check\lib\h2-2.3.232.jar" package="h2-2.3.232.jar" skipped="0" tests="1" timestamp="2025-04-20T20:35:41.8735085"><testcase classname="CVE-2018-14335" name="pkg:maven/com.h2database/h2@2.3.232"><failure message="cvssV3: MEDIUM, score: 6.0 (CVSS:3.1/AV:L/AC:L/PR:H/UI:N/S:C/C:H/I:N/A:N)"/><system-out>h2database - Improper Link Resolution Before File Access

The software attempts to access a file based on the filename, but it does not properly prevent that filename from identifying a link or shortcut that resolves to an unintended resource.</system-out><system-err>location: d:\Projects]\23267747_SAD_Project\lib\dependency-check\lib\h2-2.3.232.jar, project-references: [  ]</system-err></testcase></testsuite><testsuite failures="0" errors="0" time="0" id="32" name="d:\Projects]\23267747_SAD_Project\lib\dependency-check\lib\httpclient5-5.4.2.jar" package="httpclient5-5.4.2.jar" skipped="0" tests="1" timestamp="2025-04-20T20:35:41.8735085"><testcase classname="dependency-check" name="httpclient5-5.4.2.jar"/></testsuite><testsuite failures="0" errors="0" time="0" id="33" name="d:\Projects]\23267747_SAD_Project\lib\dependency-check\lib\httpcore5-5.3.3.jar" package="httpcore5-5.3.3.jar" skipped="0" tests="1" timestamp="2025-04-20T20:35:41.8735085"><testcase classname="dependency-check" name="httpcore5-5.3.3.jar"/></testsuite><testsuite failures="0" errors="0" time="0" id="34" name="d:\Projects]\23267747_SAD_Project\lib\dependency-check\lib\httpcore5-h2-5.3.3.jar" package="httpcore5-h2-5.3.3.jar" skipped="0" tests="1" timestamp="2025-04-20T20:35:41.8735085"><testcase classname="dependency-check" name="httpcore5-h2-5.3.3.jar"/></testsuite><testsuite failures="0" errors="0" time="0" id="35" name="d:\Projects]\23267747_SAD_Project\lib\dependency-check\lib\j2objc-annotations-3.0.0.jar" package="j2objc-annotations-3.0.0.jar" skipped="0" tests="1" timestamp="2025-04-20T20:35:41.8735085"><testcase classname="dependency-check" name="j2objc-annotations-3.0.0.jar"/></testsuite><testsuite failures="0" errors="0" time="0" id="36" name="d:\Projects]\23267747_SAD_Project\lib\jBCrypt-0.4.jar" package="jBCrypt-0.4.jar" skipped="0" tests="1" timestamp="2025-04-20T20:35:41.8735085"><testcase classname="dependency-check" name="jBCrypt-0.4.jar"/></testsuite><testsuite failures="0" errors="0" time="0" id="37" name="d:\Projects]\23267747_SAD_Project\lib\dependency-check\lib\jackson-core-2.18.2.jar" package="jackson-core-2.18.2.jar" skipped="0" tests="1" timestamp="2025-04-20T20:35:41.8735085"><testcase classname="dependency-check" name="jackson-core-2.18.2.jar"/></testsuite><testsuite failures="0" errors="0" time="0" id="38" name="d:\Projects]\23267747_SAD_Project\lib\dependency-check\lib\jackson-databind-2.18.2.jar" package="jackson-databind-2.18.2.jar" skipped="0" tests="1" timestamp="2025-04-20T20:35:41.8735085"><testcase classname="dependency-check" name="jackson-databind-2.18.2.jar"/></testsuite><testsuite failures="0" errors="0" time="0" id="39" name="d:\Projects]\23267747_SAD_Project\lib\dependency-check\lib\jackson-dataformat-yaml-2.18.2.jar" package="jackson-dataformat-yaml-2.18.2.jar" skipped="0" tests="1" timestamp="2025-04-20T20:35:41.8735085"><testcase classname="dependency-check" name="jackson-dataformat-yaml-2.18.2.jar"/></testsuite><testsuite failures="0" errors="0" time="0" id="40" name="d:\Projects]\23267747_SAD_Project\lib\dependency-check\lib\jackson-module-blackbird-2.18.2.jar" package="jackson-module-blackbird-2.18.2.jar" skipped="0" tests="1" timestamp="2025-04-20T20:35:41.8735085"><testcase classname="dependency-check" name="jackson-module-blackbird-2.18.2.jar"/></testsuite><testsuite failures="0" errors="0" time="0" id="41" name="d:\Projects]\23267747_SAD_Project\lib\dependency-check\lib\jakarta.json-2.0.1.jar" package="jakarta.json-2.0.1.jar" skipped="0" tests="1" timestamp="2025-04-20T20:35:41.8735085"><testcase classname="dependency-check" name="jakarta.json-2.0.1.jar"/></testsuite><testsuite failures="0" errors="0" time="0" id="42" name="d:\Projects]\23267747_SAD_Project\lib\dependency-check\lib\jakarta.transaction-api-1.3.3.jar" package="jakarta.transaction-api-1.3.3.jar" skipped="0" tests="1" timestamp="2025-04-20T20:35:41.8735085"><testcase classname="dependency-check" name="jakarta.transaction-api-1.3.3.jar"/></testsuite><testsuite failures="0" errors="0" time="0" id="43" name="d:\Projects]\23267747_SAD_Project\lib\dependency-check\lib\javax.activation-api-1.2.0.jar" package="javax.activation-api-1.2.0.jar" skipped="0" tests="1" timestamp="2025-04-20T20:35:41.8735085"><testcase classname="dependency-check" name="javax.activation-api-1.2.0.jar"/></testsuite><testsuite failures="0" errors="0" time="0" id="44" name="d:\Projects]\23267747_SAD_Project\lib\dependency-check\lib\javax.inject-1.jar" package="javax.inject-1.jar" skipped="0" tests="1" timestamp="2025-04-20T20:35:41.8735085"><testcase classname="dependency-check" name="javax.inject-1.jar"/></testsuite><testsuite failures="0" errors="0" time="0" id="45" name="d:\Projects]\23267747_SAD_Project\lib\dependency-check\lib\javax.ws.rs-api-2.0.1.jar" package="javax.ws.rs-api-2.0.1.jar" skipped="0" tests="1" timestamp="2025-04-20T20:35:41.8735085"><testcase classname="dependency-check" name="javax.ws.rs-api-2.0.1.jar"/></testsuite><testsuite failures="0" errors="0" time="0" id="46" name="d:\Projects]\23267747_SAD_Project\lib\jaxb-api-2.3.1.jar" package="jaxb-api-2.3.1.jar" skipped="0" tests="1" timestamp="2025-04-20T20:35:41.8735085"><testcase classname="dependency-check" name="jaxb-api-2.3.1.jar"/></testsuite><testsuite failures="0" errors="0" time="0" id="47" name="d:\Projects]\23267747_SAD_Project\lib\dependency-check\lib\jcs3-slf4j-1.0.5.jar" package="jcs3-slf4j-1.0.5.jar" skipped="0" tests="1" timestamp="2025-04-20T20:35:41.8735085"><testcase classname="dependency-check" name="jcs3-slf4j-1.0.5.jar"/></testsuite><testsuite failures="0" errors="0" time="0" id="48" name="d:\Projects]\23267747_SAD_Project\lib\dependency-check\lib\jdiagnostics-1.0.7.jar" package="jdiagnostics-1.0.7.jar" skipped="0" tests="1" timestamp="2025-04-20T20:35:41.8735085"><testcase classname="dependency-check" name="jdiagnostics-1.0.7.jar"/></testsuite><testsuite failures="0" errors="0" time="0" id="49" name="d:\Projects]\23267747_SAD_Project\lib\dependency-check\lib\jmustache-1.16.jar" package="jmustache-1.16.jar" skipped="0" tests="1" timestamp="2025-04-20T20:35:41.8735085"><testcase classname="dependency-check" name="jmustache-1.16.jar"/></testsuite><testsuite failures="0" errors="0" time="0" id="50" name="d:\Projects]\23267747_SAD_Project\lib\dependency-check\lib\joda-time-2.13.1.jar" package="joda-time-2.13.1.jar" skipped="0" tests="1" timestamp="2025-04-20T20:35:41.8735085"><testcase classname="dependency-check" name="joda-time-2.13.1.jar"/></testsuite><testsuite failures="0" errors="0" time="0" id="51" name="d:\Projects]\23267747_SAD_Project\lib\dependency-check\lib\jsoup-1.18.3.jar" package="jsoup-1.18.3.jar" skipped="0" tests="1" timestamp="2025-04-20T20:35:41.8735085"><testcase classname="dependency-check" name="jsoup-1.18.3.jar"/></testsuite><testsuite failures="0" errors="0" time="0" id="52" name="d:\Projects]\23267747_SAD_Project\lib\dependency-check\lib\jspecify-1.0.0.jar" package="jspecify-1.0.0.jar" skipped="0" tests="1" timestamp="2025-04-20T20:35:41.8735085"><testcase classname="dependency-check" name="jspecify-1.0.0.jar"/></testsuite><testsuite failures="0" errors="0" time="0" id="53" name="d:\Projects]\23267747_SAD_Project\lib\dependency-check\lib\jsr305-3.0.2.jar" package="jsr305-3.0.2.jar" skipped="0" tests="1" timestamp="2025-04-20T20:35:41.8735085"><testcase classname="dependency-check" name="jsr305-3.0.2.jar"/></testsuite><testsuite failures="0" errors="0" time="0" id="54" name="d:\Projects]\23267747_SAD_Project\lib\dependency-check\lib\listenablefuture-9999.0-empty-to-avoid-conflict-with-guava.jar" package="listenablefuture-9999.0-empty-to-avoid-conflict-with-guava.jar" skipped="0" tests="1" timestamp="2025-04-20T20:35:41.8735085"><testcase classname="dependency-check" name="listenablefuture-9999.0-empty-to-avoid-conflict-with-guava.jar"/></testsuite><testsuite failures="0" errors="0" time="0" id="55" name="d:\Projects]\23267747_SAD_Project\lib\log4j-core-2.17.2.jar" package="log4j-core-2.17.2.jar" skipped="0" tests="1" timestamp="2025-04-20T20:35:41.8735085"><testcase classname="dependency-check" name="log4j-core-2.17.2.jar"/></testsuite><testsuite failures="0" errors="0" time="0" id="56" name="d:\Projects]\23267747_SAD_Project\lib\dependency-check\lib\lucene-core-9.12.0.jar" package="lucene-core-9.12.0.jar" skipped="0" tests="1" timestamp="2025-04-20T20:35:41.8735085"><testcase classname="dependency-check" name="lucene-core-9.12.0.jar"/></testsuite><testsuite failures="0" errors="0" time="0" id="57" name="d:\Projects]\23267747_SAD_Project\lib\dependency-check\lib\minlog-1.3.1.jar" package="minlog-1.3.1.jar" skipped="0" tests="1" timestamp="2025-04-20T20:35:41.8735085"><testcase classname="dependency-check" name="minlog-1.3.1.jar"/></testsuite><testsuite failures="0" errors="0" time="0" id="58" name="d:\Projects]\23267747_SAD_Project\lib\mysql-connector-j-9.3.0.jar" package="mysql-connector-j-9.3.0.jar" skipped="0" tests="1" timestamp="2025-04-20T20:35:41.8735085"><testcase classname="dependency-check" name="mysql-connector-j-9.3.0.jar"/></testsuite><testsuite failures="0" errors="0" time="0" id="59" name="d:\Projects]\23267747_SAD_Project\lib\dependency-check\lib\open-vulnerability-clients-7.2.2.jar" package="open-vulnerability-clients-7.2.2.jar" skipped="0" tests="1" timestamp="2025-04-20T20:35:41.8735085"><testcase classname="dependency-check" name="open-vulnerability-clients-7.2.2.jar"/></testsuite><testsuite failures="0" errors="0" time="0" id="60" name="d:\Projects]\23267747_SAD_Project\lib\dependency-check\lib\ossindex-service-api-1.8.2.jar" package="ossindex-service-api-1.8.2.jar" skipped="0" tests="1" timestamp="2025-04-20T20:35:41.8735085"><testcase classname="dependency-check" name="ossindex-service-api-1.8.2.jar"/></testsuite><testsuite failures="0" errors="0" time="0" id="61" name="d:\Projects]\23267747_SAD_Project\lib\dependency-check\lib\ossindex-service-client-1.8.2.jar" package="ossindex-service-client-1.8.2.jar" skipped="0" tests="1" timestamp="2025-04-20T20:35:41.8735085"><testcase classname="dependency-check" name="ossindex-service-client-1.8.2.jar"/></testsuite><testsuite failures="0" errors="0" time="0" id="62" name="d:\Projects]\23267747_SAD_Project\lib\dependency-check\lib\package-url-java-1.2.0.jar" package="package-url-java-1.2.0.jar" skipped="0" tests="1" timestamp="2025-04-20T20:35:41.8735085"><testcase classname="dependency-check" name="package-url-java-1.2.0.jar"/></testsuite><testsuite failures="0" errors="0" time="0" id="63" name="d:\Projects]\23267747_SAD_Project\lib\dependency-check\lib\packager-core-0.21.0.jar" package="packager-core-0.21.0.jar" skipped="0" tests="1" timestamp="2025-04-20T20:35:41.8735085"><testcase classname="dependency-check" name="packager-core-0.21.0.jar"/></testsuite><testsuite failures="0" errors="0" time="0" id="64" name="d:\Projects]\23267747_SAD_Project\lib\dependency-check\lib\packager-rpm-0.21.0.jar" package="packager-rpm-0.21.0.jar" skipped="0" tests="1" timestamp="2025-04-20T20:35:41.8735085"><testcase classname="dependency-check" name="packager-rpm-0.21.0.jar"/></testsuite><testsuite failures="0" errors="0" time="0" id="65" name="d:\Projects]\23267747_SAD_Project\lib\dependency-check\lib\packageurl-java-1.5.0.jar" package="packageurl-java-1.5.0.jar" skipped="0" tests="1" timestamp="2025-04-20T20:35:41.8735085"><testcase classname="dependency-check" name="packageurl-java-1.5.0.jar"/></testsuite><testsuite failures="0" errors="0" time="0" id="66" name="d:\Projects]\23267747_SAD_Project\lib\dependency-check\lib\pecoff4j-0.0.2.1.jar" package="pecoff4j-0.0.2.1.jar" skipped="0" tests="1" timestamp="2025-04-20T20:35:41.8735085"><testcase classname="dependency-check" name="pecoff4j-0.0.2.1.jar"/></testsuite><testsuite failures="0" errors="0" time="0" id="67" name="d:\Projects]\23267747_SAD_Project\lib\dependency-check\lib\retirejs-core-3.0.4.jar" package="retirejs-core-3.0.4.jar" skipped="0" tests="1" timestamp="2025-04-20T20:35:41.8735085"><testcase classname="dependency-check" name="retirejs-core-3.0.4.jar"/></testsuite><testsuite failures="0" errors="0" time="0" id="68" name="d:\Projects]\23267747_SAD_Project\dist\securityProject.jar" package="securityProject.jar" skipped="0" tests="1" timestamp="2025-04-20T20:35:41.8735085"><testcase classname="dependency-check" name="securityProject.jar"/></testsuite><testsuite failures="0" errors="0" time="0" id="69" name="d:\Projects]\23267747_SAD_Project\lib\dependency-check\lib\semver4j-5.6.0.jar" package="semver4j-5.6.0.jar" skipped="0" tests="1" timestamp="2025-04-20T20:35:41.8735085"><testcase classname="dependency-check" name="semver4j-5.6.0.jar"/></testsuite><testsuite failures="0" errors="0" time="0" id="70" name="d:\Projects]\23267747_SAD_Project\lib\dependency-check\lib\slf4j-api-1.7.36.jar" package="slf4j-api-1.7.36.jar" skipped="0" tests="1" timestamp="2025-04-20T20:35:41.8735085"><testcase classname="dependency-check" name="slf4j-api-1.7.36.jar"/></testsuite><testsuite failures="0" errors="0" time="0" id="71" name="d:\Projects]\23267747_SAD_Project\lib\dependency-check\lib\snakeyaml-2.3.jar" package="snakeyaml-2.3.jar" skipped="0" tests="1" timestamp="2025-04-20T20:35:41.8735085"><testcase classname="dependency-check" name="snakeyaml-2.3.jar"/></testsuite><testsuite failures="0" errors="0" time="0" id="72" name="d:\Projects]\23267747_SAD_Project\lib\dependency-check\lib\spotbugs-annotations-4.9.1.jar" package="spotbugs-annotations-4.9.1.jar" skipped="0" tests="1" timestamp="2025-04-20T20:35:41.8735085"><testcase classname="dependency-check" name="spotbugs-annotations-4.9.1.jar"/></testsuite><testsuite failures="0" errors="0" time="0" id="73" name="d:\Projects]\23267747_SAD_Project\lib\dependency-check\lib\toml4j-0.7.2.jar" package="toml4j-0.7.2.jar" skipped="0" tests="1" timestamp="2025-04-20T20:35:41.8735085"><testcase classname="dependency-check" name="toml4j-0.7.2.jar"/></testsuite><testsuite failures="0" errors="0" time="0" id="74" name="d:\Projects]\23267747_SAD_Project\lib\dependency-check\lib\velocity-engine-core-2.4.1.jar" package="velocity-engine-core-2.4.1.jar" skipped="0" tests="1" timestamp="2025-04-20T20:35:41.8735085"><testcase classname="dependency-check" name="velocity-engine-core-2.4.1.jar"/></testsuite><testsuite failures="0" errors="0" time="0" id="75" name="d:\Projects]\23267747_SAD_Project\lib\dependency-check\lib\xz-1.9.jar" package="xz-1.9.jar" skipped="0" tests="1" timestamp="2025-04-20T20:35:41.8735085"><testcase classname="dependency-check" name="xz-1.9.jar"/></testsuite></testsuites>